<?xml version="1.0" encoding="UTF-8"?>
<testng-results ignored="0" total="1" passed="1" failed="0" skipped="0">
  <reporter-output>
  </reporter-output>
  <suite started-at="2020-03-15T22:00:37 IST" name="Default suite" finished-at="2020-03-15T22:00:39 IST" duration-ms="1402">
    <groups>
    </groups>
    <test started-at="2020-03-15T22:00:37 IST" name="Default test" finished-at="2020-03-15T22:00:39 IST" duration-ms="1402">
      <class name="httpClient.PostCall">
        <test-method signature="postCall()[pri:0, instance:httpClient.PostCall@6b4a4e18]" started-at="2020-03-15T22:00:37 IST" name="postCall" finished-at="2020-03-15T22:00:39 IST" duration-ms="1344" status="PASS">
          <reporter-output>
          </reporter-output>
        </test-method> <!-- postCall -->
      </class> <!-- httpClient.PostCall -->
    </test> <!-- Default test -->
  </suite> <!-- Default suite -->
</testng-results>
