<?xml version="1.0" encoding="UTF-8"?>
<testng-results ignored="0" total="1" passed="1" failed="0" skipped="0">
  <reporter-output>
  </reporter-output>
  <suite started-at="2020-03-15T19:15:34 IST" name="Default suite" finished-at="2020-03-15T19:15:37 IST" duration-ms="3721">
    <groups>
    </groups>
    <test started-at="2020-03-15T19:15:34 IST" name="Default test" finished-at="2020-03-15T19:15:37 IST" duration-ms="3721">
      <class name="httpMethods.ComplexDeserialization">
        <test-method signature="jsonToPojoEmployee()[pri:0, instance:httpMethods.ComplexDeserialization@290d210d]" started-at="2020-03-15T19:15:34 IST" name="jsonToPojoEmployee" finished-at="2020-03-15T19:15:37 IST" duration-ms="3697" status="PASS">
          <reporter-output>
          </reporter-output>
        </test-method> <!-- jsonToPojoEmployee -->
      </class> <!-- httpMethods.ComplexDeserialization -->
    </test> <!-- Default test -->
  </suite> <!-- Default suite -->
</testng-results>
